2018-02-24 04:21:00,421:INFO: Creating the dataset...
2018-02-24 04:21:00,458:INFO: Creating the model...
2018-02-24 04:21:00,726:INFO: Starting evaluation
2018-02-24 04:21:00,853:INFO: Restoring parameters from experiments/base_model/best_weights/after-epoch-10
2018-02-24 04:21:01,493:INFO: - Eval metrics: loss: 0.278 ; accuracy: 0.892
2018-02-24 10:46:42,461:INFO: Creating the dataset...
2018-02-24 10:46:42,493:INFO: Creating the model...
2018-02-24 10:46:42,730:INFO: Starting evaluation
2018-02-24 10:46:42,841:INFO: Restoring parameters from experiments/base_model/best_weights/after-epoch-10
2018-02-24 10:46:43,320:INFO: - Eval metrics: loss: 0.278 ; accuracy: 0.892
2018-02-24 11:41:11,114:INFO: Creating the dataset...
2018-02-24 11:41:11,150:INFO: Creating the model...
2018-02-24 11:41:11,396:INFO: Starting evaluation
2018-02-24 11:41:12,190:INFO: Restoring parameters from experiments/base_model/best_weights/after-epoch-10
2018-02-24 11:41:13,159:INFO: - Eval metrics: loss: 0.278 ; accuracy: 0.892
2018-02-24 11:54:34,392:INFO: Creating the dataset...
2018-02-24 11:54:34,427:INFO: Creating the model...
2018-02-24 11:54:34,676:INFO: Starting evaluation
2018-02-24 11:54:35,469:INFO: Restoring parameters from experiments/base_model/best_weights/after-epoch-10
2018-02-24 11:54:36,497:INFO: - Eval metrics: loss: 0.278 ; accuracy: 0.892
2018-02-24 11:55:04,972:INFO: Creating the dataset...
2018-02-24 11:55:05,005:INFO: Creating the model...
2018-02-24 11:55:05,244:INFO: Starting evaluation
2018-02-24 11:55:06,066:INFO: Restoring parameters from experiments/base_model/best_weights/after-epoch-10
2018-02-24 11:55:07,056:INFO: - Eval metrics: accuracy: 0.892 ; loss: 0.278
2018-02-24 13:37:09,823:INFO: Creating the dataset...
2018-02-24 13:37:09,857:INFO: Creating the model...
2018-02-24 13:37:10,112:INFO: Starting evaluation
2018-02-24 13:37:10,222:INFO: Restoring parameters from experiments/base_model/best_weights/after-epoch-10
2018-02-24 13:37:10,700:INFO: - Eval metrics: accuracy: 0.892 ; loss: 0.278
2018-02-24 23:29:17,719:INFO: Creating the dataset...
2018-02-24 23:29:17,753:INFO: Creating the model...
2018-02-24 23:29:18,020:INFO: Starting evaluation
2018-02-24 23:29:18,157:INFO: Restoring parameters from experiments/base_model/best_weights/after-epoch-10
2018-02-24 23:29:18,659:INFO: - Eval metrics: loss: 0.278 ; accuracy: 0.892
