2018-02-24 21:48:49,022:INFO: Creating the dataset...
2018-02-24 21:48:49,054:INFO: Creating the model...
2018-02-24 21:48:49,301:INFO: Starting evaluation
2018-02-24 21:48:49,411:INFO: Restoring parameters from experiments/ternary/best_weights/ternary
2018-02-24 21:48:49,896:INFO: - Eval metrics: accuracy: 0.892 ; loss: 0.278
2018-02-24 22:24:40,801:INFO: Creating the dataset...
2018-02-24 22:25:11,823:INFO: Creating the dataset...
2018-02-24 22:25:11,854:INFO: Creating the model...
2018-02-24 22:25:12,094:INFO: Starting evaluation
2018-02-24 22:25:12,200:INFO: Restoring parameters from experiments/ternary/best_weights/ternary
2018-02-24 22:25:12,689:INFO: - Eval metrics: accuracy: 0.167 ; loss: 10.232
2018-02-24 22:28:19,006:INFO: Creating the dataset...
2018-02-24 22:28:19,039:INFO: Creating the model...
2018-02-24 22:28:19,279:INFO: Starting evaluation
2018-02-24 22:28:19,388:INFO: Restoring parameters from experiments/ternary/best_weights/ternary
2018-02-24 22:28:19,869:INFO: - Eval metrics: loss: 1.792 ; accuracy: 0.167
2018-02-24 23:29:05,961:INFO: Creating the dataset...
2018-02-24 23:29:05,994:INFO: Creating the model...
2018-02-24 23:29:06,255:INFO: Starting evaluation
2018-02-24 23:29:06,368:INFO: Restoring parameters from experiments/ternary/best_weights/ternary
2018-02-24 23:29:06,872:INFO: - Eval metrics: accuracy: 0.167 ; loss: 2570132914176.000
2018-02-24 23:30:01,141:INFO: Creating the dataset...
2018-02-24 23:30:01,173:INFO: Creating the model...
2018-02-24 23:30:01,416:INFO: Starting evaluation
2018-02-24 23:30:01,525:INFO: Restoring parameters from experiments/ternary/best_weights/ternary
2018-02-24 23:30:01,999:INFO: - Eval metrics: accuracy: 0.167 ; loss: 2570132914176.000
2018-02-24 23:33:07,538:INFO: Creating the dataset...
2018-02-24 23:33:07,573:INFO: Creating the model...
2018-02-24 23:33:07,842:INFO: Starting evaluation
2018-02-24 23:33:07,954:INFO: Restoring parameters from experiments/ternary/best_weights/ternary
2018-02-24 23:33:08,483:INFO: - Eval metrics: accuracy: 0.167 ; loss: 632921194496.000
